This is pdfTeX, Version 3.14159265-2.6-1.40.18 (TeX Live 2017) (preloaded format=pdflatex 2020.5.9)  21 MAR 2021 00:15
entering extended mode
 restricted \write18 enabled.
 file:line:error style messages enabled.
 %&-line parsing enabled.
**results.tex
(./results.tex
LaTeX2e <2017-04-15>
Babel <3.10> and hyphenation patterns for 84 language(s) loaded.
(/usr/local/texlive/2017/texmf-dist/tex/latex/base/article.cls
Document Class: article 2014/09/29 v1.4h Standard LaTeX document class
(/usr/local/texlive/2017/texmf-dist/tex/latex/base/size10.clo
File: size10.clo 2014/09/29 v1.4h Standard LaTeX file (size option)
)
\c@part=\count79
\c@section=\count80
\c@subsection=\count81
\c@subsubsection=\count82
\c@paragraph=\count83
\c@subparagraph=\count84
\c@figure=\count85
\c@table=\count86
\abovecaptionskip=\skip41
\belowcaptionskip=\skip42
\bibindent=\dimen102
)
(/usr/local/texlive/2017/texmf-dist/tex/latex/geometry/geometry.sty
Package: geometry 2010/09/12 v5.6 Page Geometry

(/usr/local/texlive/2017/texmf-dist/tex/latex/graphics/keyval.sty
Package: keyval 2014/10/28 v1.15 key=value parser (DPC)
\KV@toks@=\toks14
)
(/usr/local/texlive/2017/texmf-dist/tex/generic/oberdiek/ifpdf.sty
Package: ifpdf 2017/03/15 v3.2 Provides the ifpdf switch
)
(/usr/local/texlive/2017/texmf-dist/tex/generic/oberdiek/ifvtex.sty
Package: ifvtex 2016/05/16 v1.6 Detect VTeX and its facilities (HO)
Package ifvtex Info: VTeX not detected.
)
(/usr/local/texlive/2017/texmf-dist/tex/generic/ifxetex/ifxetex.sty
Package: ifxetex 2010/09/12 v0.6 Provides ifxetex conditional
)
\Gm@cnth=\count87
\Gm@cntv=\count88
\c@Gm@tempcnt=\count89
\Gm@bindingoffset=\dimen103
\Gm@wd@mp=\dimen104
\Gm@odd@mp=\dimen105
\Gm@even@mp=\dimen106
\Gm@layoutwidth=\dimen107
\Gm@layoutheight=\dimen108
\Gm@layouthoffset=\dimen109
\Gm@layoutvoffset=\dimen110
\Gm@dimlist=\toks15
)
(/usr/local/texlive/2017/texmf-dist/tex/latex/graphics/graphicx.sty
Package: graphicx 2014/10/28 v1.0g Enhanced LaTeX Graphics (DPC,SPQR)

(/usr/local/texlive/2017/texmf-dist/tex/latex/graphics/graphics.sty
Package: graphics 2017/04/14 v1.1b Standard LaTeX Graphics (DPC,SPQR)

(/usr/local/texlive/2017/texmf-dist/tex/latex/graphics/trig.sty
Package: trig 2016/01/03 v1.10 sin cos tan (DPC)
)
(/usr/local/texlive/2017/texmf-dist/tex/latex/graphics-cfg/graphics.cfg
File: graphics.cfg 2016/06/04 v1.11 sample graphics configuration
)
Package graphics Info: Driver file: pdftex.def on input line 99.

(/usr/local/texlive/2017/texmf-dist/tex/latex/graphics-def/pdftex.def
File: pdftex.def 2017/01/12 v0.06k Graphics/color for pdfTeX

(/usr/local/texlive/2017/texmf-dist/tex/generic/oberdiek/infwarerr.sty
Package: infwarerr 2016/05/16 v1.4 Providing info/warning/error messages (HO)
)
(/usr/local/texlive/2017/texmf-dist/tex/generic/oberdiek/ltxcmds.sty
Package: ltxcmds 2016/05/16 v1.23 LaTeX kernel commands for general use (HO)
)
\Gread@gobject=\count90
))
\Gin@req@height=\dimen111
\Gin@req@width=\dimen112
)
(/usr/local/texlive/2017/texmf-dist/tex/latex/amsfonts/amssymb.sty
Package: amssymb 2013/01/14 v3.01 AMS font symbols

(/usr/local/texlive/2017/texmf-dist/tex/latex/amsfonts/amsfonts.sty
Package: amsfonts 2013/01/14 v3.01 Basic AMSFonts support
\@emptytoks=\toks16
\symAMSa=\mathgroup4
\symAMSb=\mathgroup5
LaTeX Font Info:    Overwriting math alphabet `\mathfrak' in version `bold'
(Font)                  U/euf/m/n --> U/euf/b/n on input line 106.
))
(/usr/local/texlive/2017/texmf-dist/tex/latex/float/float.sty
Package: float 2001/11/08 v1.3d Float enhancements (AL)
\c@float@type=\count91
\float@exts=\toks17
\float@box=\box26
\@float@everytoks=\toks18
\@floatcapt=\box27
)
(/usr/local/texlive/2017/texmf-dist/tex/latex/url/url.sty
\Urlmuskip=\muskip10
Package: url 2013/09/16  ver 3.4  Verb mode for urls, etc.
)
(/usr/local/texlive/2017/texmf-dist/tex/latex/import/import.sty
Package: import 2009/03/23  v 5.1
)
(/usr/local/texlive/2017/texmf-dist/tex/latex/tools/dcolumn.sty
Package: dcolumn 2014/10/28 v1.06 decimal alignment package (DPC)

(/usr/local/texlive/2017/texmf-dist/tex/latex/tools/array.sty
Package: array 2016/10/06 v2.4d Tabular extension package (FMi)
\col@sep=\dimen113
\extrarowheight=\dimen114
\NC@list=\toks19
\extratabsurround=\skip43
\backup@length=\skip44
))
(/usr/local/texlive/2017/texmf-dist/tex/latex/adjustbox/adjustbox.sty
Package: adjustbox 2012/05/21 v1.0 Adjusting TeX boxes (trim, clip, ...)

(/usr/local/texlive/2017/texmf-dist/tex/latex/xkeyval/xkeyval.sty
Package: xkeyval 2014/12/03 v2.7a package option processing (HA)

(/usr/local/texlive/2017/texmf-dist/tex/generic/xkeyval/xkeyval.tex
(/usr/local/texlive/2017/texmf-dist/tex/generic/xkeyval/xkvutils.tex
\XKV@toks=\toks20
\XKV@tempa@toks=\toks21
)
\XKV@depth=\count92
File: xkeyval.tex 2014/12/03 v2.7a key=value parser (HA)
))
(/usr/local/texlive/2017/texmf-dist/tex/latex/adjustbox/adjcalc.sty
Package: adjcalc 2012/05/16 v1.1 Provides advanced setlength with multiple back
-ends (calc, etex, pgfmath)
)
(/usr/local/texlive/2017/texmf-dist/tex/latex/adjustbox/trimclip.sty
Package: trimclip 2012/05/16 v1.0 Trim and clip general TeX material

(/usr/local/texlive/2017/texmf-dist/tex/latex/collectbox/collectbox.sty
Package: collectbox 2012/05/17 v0.4b Collect macro arguments as boxes
\collectedbox=\box28
)
\tc@llx=\dimen115
\tc@lly=\dimen116
\tc@urx=\dimen117
\tc@ury=\dimen118
Package trimclip Info: Using driver 'tc-pdftex.def'.

(/usr/local/texlive/2017/texmf-dist/tex/latex/adjustbox/tc-pdftex.def
File: tc-pdftex.def 2012/05/13 v1.0 Clipping driver for pdftex
))
\adjbox@Width=\dimen119
\adjbox@Height=\dimen120
\adjbox@Depth=\dimen121
\adjbox@Totalheight=\dimen122

(/usr/local/texlive/2017/texmf-dist/tex/latex/ifoddpage/ifoddpage.sty
Package: ifoddpage 2016/04/23 v1.1 Conditionals for odd/even page detection
\c@checkoddpage=\count93
)
(/usr/local/texlive/2017/texmf-dist/tex/latex/varwidth/varwidth.sty
Package: varwidth 2009/03/30 ver 0.92;  Variable-width minipages
\@vwid@box=\box29
\sift@deathcycles=\count94
\@vwid@loff=\dimen123
\@vwid@roff=\dimen124
))

LaTeX Warning: Unused global option(s):
    [9pt].

No file results.aux.
\openout1 = `results.aux'.

LaTeX Font Info:    Checking defaults for OML/cmm/m/it on input line 18.
LaTeX Font Info:    ... okay on input line 18.
LaTeX Font Info:    Checking defaults for T1/cmr/m/n on input line 18.
LaTeX Font Info:    ... okay on input line 18.
LaTeX Font Info:    Checking defaults for OT1/cmr/m/n on input line 18.
LaTeX Font Info:    ... okay on input line 18.
LaTeX Font Info:    Checking defaults for OMS/cmsy/m/n on input line 18.
LaTeX Font Info:    ... okay on input line 18.
LaTeX Font Info:    Checking defaults for OMX/cmex/m/n on input line 18.
LaTeX Font Info:    ... okay on input line 18.
LaTeX Font Info:    Checking defaults for U/cmr/m/n on input line 18.
LaTeX Font Info:    ... okay on input line 18.
*geometry* driver: auto-detecting
*geometry* detected driver: pdftex
*geometry* verbose mode - [ preamble ] result:
* driver: pdftex
* paper: <default>
* layout: <same size as paper>
* layoutoffset:(h,v)=(0.0pt,0.0pt)
* modes: 
* h-part:(L,W,R)=(72.26999pt, 469.75502pt, 72.26999pt)
* v-part:(T,H,B)=(72.26999pt, 627.30263pt, 95.39737pt)
* \paperwidth=614.295pt
* \paperheight=794.96999pt
* \textwidth=469.75502pt
* \textheight=627.30263pt
* \oddsidemargin=0.0pt
* \evensidemargin=0.0pt
* \topmargin=-37.0pt
* \headheight=12.0pt
* \headsep=25.0pt
* \topskip=10.0pt
* \footskip=30.0pt
* \marginparwidth=65.0pt
* \marginparsep=11.0pt
* \columnsep=10.0pt
* \skip\footins=9.0pt plus 4.0pt minus 2.0pt
* \hoffset=0.0pt
* \voffset=0.0pt
* \mag=1000
* \@twocolumnfalse
* \@twosidefalse
* \@mparswitchfalse
* \@reversemarginfalse
* (1in=72.27pt=25.4mm, 1cm=28.453pt)

(/usr/local/texlive/2017/texmf-dist/tex/context/base/mkii/supp-pdf.mkii
[Loading MPS to PDF converter (version 2006.09.02).]
\scratchcounter=\count95
\scratchdimen=\dimen125
\scratchbox=\box30
\nofMPsegments=\count96
\nofMParguments=\count97
\everyMPshowfont=\toks22
\MPscratchCnt=\count98
\MPscratchDim=\dimen126
\MPnumerator=\count99
\makeMPintoPDFobject=\count100
\everyMPtoPDFconversion=\toks23
) (/usr/local/texlive/2017/texmf-dist/tex/generic/oberdiek/pdftexcmds.sty
Package: pdftexcmds 2017/03/19 v0.25 Utility functions of pdfTeX for LuaTeX (HO
)

(/usr/local/texlive/2017/texmf-dist/tex/generic/oberdiek/ifluatex.sty
Package: ifluatex 2016/05/16 v1.4 Provides the ifluatex switch (HO)
Package ifluatex Info: LuaTeX not detected.
)
Package pdftexcmds Info: LuaTeX not detected.
Package pdftexcmds Info: \pdf@primitive is available.
Package pdftexcmds Info: \pdf@ifprimitive is available.
Package pdftexcmds Info: \pdfdraftmode found.
)
(/usr/local/texlive/2017/texmf-dist/tex/latex/oberdiek/epstopdf-base.sty
Package: epstopdf-base 2016/05/15 v2.6 Base part for package epstopdf

(/usr/local/texlive/2017/texmf-dist/tex/latex/oberdiek/grfext.sty
Package: grfext 2016/05/16 v1.2 Manage graphics extensions (HO)

(/usr/local/texlive/2017/texmf-dist/tex/generic/oberdiek/kvdefinekeys.sty
Package: kvdefinekeys 2016/05/16 v1.4 Define keys (HO)
))
(/usr/local/texlive/2017/texmf-dist/tex/latex/oberdiek/kvoptions.sty
Package: kvoptions 2016/05/16 v3.12 Key value format for package options (HO)

(/usr/local/texlive/2017/texmf-dist/tex/generic/oberdiek/kvsetkeys.sty
Package: kvsetkeys 2016/05/16 v1.17 Key value parser (HO)

(/usr/local/texlive/2017/texmf-dist/tex/generic/oberdiek/etexcmds.sty
Package: etexcmds 2016/05/16 v1.6 Avoid name clashes with e-TeX commands (HO)
Package etexcmds Info: Could not find \expanded.
(etexcmds)             That can mean that you are not using pdfTeX 1.50 or
(etexcmds)             that some package has redefined \expanded.
(etexcmds)             In the latter case, load this package earlier.
)))
Package epstopdf-base Info: Redefining graphics rule for `.eps' on input line 4
38.
Package grfext Info: Graphics extension search list:
(grfext)             [.png,.pdf,.jpg,.mps,.jpeg,.jbig2,.jb2,.PNG,.PDF,.JPG,.JPE
G,.JBIG2,.JB2,.eps]
(grfext)             \AppendGraphicsExtensions on input line 456.

(/usr/local/texlive/2017/texmf-dist/tex/latex/latexconfig/epstopdf-sys.cfg
File: epstopdf-sys.cfg 2010/07/13 v1.3 Configuration of (r)epstopdf for TeX Liv
e
))
LaTeX Font Info:    Try loading font information for U+msa on input line 19.

(/usr/local/texlive/2017/texmf-dist/tex/latex/amsfonts/umsa.fd
File: umsa.fd 2013/01/14 v3.01 AMS symbols A
)
LaTeX Font Info:    Try loading font information for U+msb on input line 19.

(/usr/local/texlive/2017/texmf-dist/tex/latex/amsfonts/umsb.fd
File: umsb.fd 2013/01/14 v3.01 AMS symbols B
)

LaTeX Warning: No \author given.

No file results.toc.
\tf@toc=\write3
\openout3 = `results.toc'.

[1

{/usr/local/texlive/2017/texmf-var/fonts/map/pdftex/updmap/pdftex.map}]
<figures/figure_01.png, id=10, 2559.5625pt x 1355.0625pt>
File: figures/figure_01.png Graphic file (type png)

<use figures/figure_01.png>
Package pdftex.def Info: figures/figure_01.png used on input line 30.
(pdftex.def)             Requested size: 469.75502pt x 248.67702pt.

<figures/figure_02.png, id=12, 2559.5625pt x 903.375pt>
File: figures/figure_02.png Graphic file (type png)

<use figures/figure_02.png>
Package pdftex.def Info: figures/figure_02.png used on input line 36.
(pdftex.def)             Requested size: 469.75502pt x 165.78467pt.

<figures/figure_03.png, id=13, 2559.5625pt x 903.375pt>
File: figures/figure_03.png Graphic file (type png)

<use figures/figure_03.png>
Package pdftex.def Info: figures/figure_03.png used on input line 42.
(pdftex.def)             Requested size: 469.75502pt x 165.78467pt.
 [2 <./figures/figure_01.png> <./figures/figure_02.png>] <figures/figure_04.png
, id=19, 2107.875pt x 2107.875pt>
File: figures/figure_04.png Graphic file (type png)

<use figures/figure_04.png>
Package pdftex.def Info: figures/figure_04.png used on input line 48.
(pdftex.def)             Requested size: 375.80544pt x 375.79881pt.

<figures/figure_05.png, id=20, 2107.875pt x 2258.4375pt>
File: figures/figure_05.png Graphic file (type png)

<use figures/figure_05.png>
Package pdftex.def Info: figures/figure_05.png used on input line 54.
(pdftex.def)             Requested size: 375.80544pt x 402.64159pt.
 [3 <./figures/figure_03.png> <./figures/figure_04.png>] [4 <./figures/figure_0
5.png>]
<figures/figure_a1.png, id=30, 6022.5pt x 5420.25pt>
File: figures/figure_a1.png Graphic file (type png)

<use figures/figure_a1.png>
Package pdftex.def Info: figures/figure_a1.png used on input line 71.
(pdftex.def)             Requested size: 469.75502pt x 422.71164pt.

<figures/figure_a2.png, id=31, 803.0pt x 2840.6125pt>
File: figures/figure_a2.png Graphic file (type png)

<use figures/figure_a2.png>
Package pdftex.def Info: figures/figure_a2.png used on input line 77.
(pdftex.def)             Requested size: 140.92793pt x 498.50166pt.
 [5 <./figures/figure_a1.png>]
<figures/figure_a3.png, id=36, 1846.9pt x 600.2425pt>
File: figures/figure_a3.png Graphic file (type png)

<use figures/figure_a3.png>
Package pdftex.def Info: figures/figure_a3.png used on input line 83.
(pdftex.def)             Requested size: 328.82707pt x 106.86664pt.
 [6 <./figures/figure_a2.png>]
(./tables/table_a1.tex) (./tables/table_a2.tex)
Overfull \hbox (7.71808pt too wide) in paragraph at lines 1--101
 [][] 
 []

[7 <./figures/figure_a3.png>] (./tables/table_a3.tex) [8]
(./tables/table_a4.tex) (./tables/table_a5.tex) [9] (./tables/table_a6.tex)
(./tables/table_a7.tex) [10] [11]
<figures/figure_a4.png, id=59, 2559.5625pt x 1355.0625pt>
File: figures/figure_a4.png Graphic file (type png)

<use figures/figure_a4.png>
Package pdftex.def Info: figures/figure_a4.png used on input line 157.
(pdftex.def)             Requested size: 469.75502pt x 248.67702pt.

<figures/figure_a5.png, id=60, 2559.5625pt x 903.375pt>
File: figures/figure_a5.png Graphic file (type png)

<use figures/figure_a5.png>
Package pdftex.def Info: figures/figure_a5.png used on input line 163.
(pdftex.def)             Requested size: 469.75502pt x 165.78467pt.

<figures/figure_a6.png, id=61, 2559.5625pt x 1355.0625pt>
File: figures/figure_a6.png Graphic file (type png)

<use figures/figure_a6.png>
Package pdftex.def Info: figures/figure_a6.png used on input line 169.
(pdftex.def)             Requested size: 469.75502pt x 248.67702pt.
 [12 <./figures/figure_a4.png> <./figures/figure_a5.png>] <figures/figure_a7.pn
g, id=67, 2559.5625pt x 903.375pt>
File: figures/figure_a7.png Graphic file (type png)

<use figures/figure_a7.png>
Package pdftex.def Info: figures/figure_a7.png used on input line 175.
(pdftex.def)             Requested size: 469.75502pt x 165.78467pt.

<figures/figure_a16.png, id=68, 2107.875pt x 1204.5pt>
File: figures/figure_a16.png Graphic file (type png)

<use figures/figure_a16.png>
Package pdftex.def Info: figures/figure_a16.png used on input line 181.
(pdftex.def)             Requested size: 375.80544pt x 214.74217pt.
 [13 <./figures/figure_a6.png> <./figures/figure_a7.png>] <figures/figure_a19.p
ng, id=75, 2634.84375pt x 2107.875pt>
File: figures/figure_a19.png Graphic file (type png)

<use figures/figure_a19.png>
Package pdftex.def Info: figures/figure_a19.png used on input line 187.
(pdftex.def)             Requested size: 469.75502pt x 375.79881pt.
 [14 <./figures/figure_a16.png>]
<figures/figure_a8.png, id=80, 2559.5625pt x 903.375pt>
File: figures/figure_a8.png Graphic file (type png)

<use figures/figure_a8.png>
Package pdftex.def Info: figures/figure_a8.png used on input line 193.
(pdftex.def)             Requested size: 469.75502pt x 165.78467pt.

<figures/figure_a9.png, id=81, 2559.5625pt x 903.375pt>
File: figures/figure_a9.png Graphic file (type png)

<use figures/figure_a9.png>
Package pdftex.def Info: figures/figure_a9.png used on input line 199.
(pdftex.def)             Requested size: 469.75502pt x 165.78467pt.
 [15 <./figures/figure_a19.png> <./figures/figure_a8.png>] <figures/figure_a10.
png, id=87, 5420.25pt x 2107.875pt>
File: figures/figure_a10.png Graphic file (type png)

<use figures/figure_a10.png>
Package pdftex.def Info: figures/figure_a10.png used on input line 205.
(pdftex.def)             Requested size: 469.75502pt x 182.65675pt.

<figures/figure_a11.png, id=88, 3312.375pt x 2107.875pt>
File: figures/figure_a11.png Graphic file (type png)

<use figures/figure_a11.png>
Package pdftex.def Info: figures/figure_a11.png used on input line 211.